<?xml version="1.0" encoding="UTF-8"?>
<testsuite xmlns:xsi="http://www.w3.org/2001/XMLSchema-instance" xsi:noNamespaceSchemaLocation="https://maven.apache.org/surefire/maven-surefire-plugin/xsd/surefire-test-report.xsd" name="testRunner.TestRunner" time="10.603" tests="4" errors="2" skipped="0" failures="0">
  <properties>
[...]
</properties>
  <testcase name=" #1" classname="EMPTY_NAME" time="3.176">
    <error message="&quot;User search for &quot;Cucumber&quot; vegetable&quot; matches more than one step definition:&#10;  &quot;^User search for &quot;([^&quot;]*)&quot; vegetable$&quot; in stepDefiniton.Greenkart.user_search_for_something_vegetable(java.lang.String)&#10;  &quot;^User search for (.+) vegetable$&quot; in stepDefiniton.Greenkart.user_search_for_vegetable(java.lang.String)" type="io.cucumber.core.runner.AmbiguousStepDefinitionsException">io.cucumber.core.runner.AmbiguousStepDefinitionsException: 
"User search for "Cucumber" vegetable" matches more than one step definition:
  "^User search for "([^"]*)" vegetable$" in stepDefiniton.Greenkart.user_search_for_something_vegetable(java.lang.String)
  "^User search for (.+) vegetable$" in stepDefiniton.Greenkart.user_search_for_vegetable(java.lang.String)
</error>
    <system-err><![CDATA[SLF4J: Failed to load class "org.slf4j.impl.StaticLoggerBinder".
SLF4J: Defaulting to no-operation (NOP) logger implementation
SLF4J: See http://www.slf4j.org/codes.html#StaticLoggerBinder for further details.
Starting ChromeDriver 96.0.4664.45 (76e4c1bb2ab4671b8beba3444e61c0f17584b2fc-refs/branch-heads/4664@{#947}) on port 49595
Only local connections are allowed.
Please see https://chromedriver.chromium.org/security-considerations for suggestions on keeping ChromeDriver safe.
ChromeDriver was started successfully.
Jan 01, 2022 8:39:26 PM org.openqa.selenium.remote.ProtocolHandshake createSession
INFO: Detected dialect: W3C
Jan 01, 2022 8:39:26 PM org.openqa.selenium.devtools.CdpVersionFinder findNearestMatch
INFO: Found exact CDP implementation for version 96
]]></system-err>
  </testcase>
  <testcase name=" #2" classname="EMPTY_NAME" time="1.783">
    <error message="&quot;User search for &quot;Brinjal&quot; vegetable&quot; matches more than one step definition:&#10;  &quot;^User search for &quot;([^&quot;]*)&quot; vegetable$&quot; in stepDefiniton.Greenkart.user_search_for_something_vegetable(java.lang.String)&#10;  &quot;^User search for (.+) vegetable$&quot; in stepDefiniton.Greenkart.user_search_for_vegetable(java.lang.String)" type="io.cucumber.core.runner.AmbiguousStepDefinitionsException">io.cucumber.core.runner.AmbiguousStepDefinitionsException: 
"User search for "Brinjal" vegetable" matches more than one step definition:
  "^User search for "([^"]*)" vegetable$" in stepDefiniton.Greenkart.user_search_for_something_vegetable(java.lang.String)
  "^User search for (.+) vegetable$" in stepDefiniton.Greenkart.user_search_for_vegetable(java.lang.String)
</error>
    <system-err><![CDATA[Starting ChromeDriver 96.0.4664.45 (76e4c1bb2ab4671b8beba3444e61c0f17584b2fc-refs/branch-heads/4664@{#947}) on port 57093
Only local connections are allowed.
Please see https://chromedriver.chromium.org/security-considerations for suggestions on keeping ChromeDriver safe.
ChromeDriver was started successfully.
Jan 01, 2022 8:39:28 PM org.openqa.selenium.remote.ProtocolHandshake createSession
INFO: Detected dialect: W3C
Jan 01, 2022 8:39:28 PM org.openqa.selenium.devtools.CdpVersionFinder findNearestMatch
INFO: Found exact CDP implementation for version 96
]]></system-err>
  </testcase>
  <testcase name=" #3" classname="EMPTY_NAME" time="2.149"/>
  <testcase name=" #4" classname="EMPTY_NAME" time="2.69"/>
</testsuite>